<?xml version="1.0" encoding="UTF-8"?>
<testsuite xmlns:xsi="http://www.w3.org/2001/XMLSchema-instance" xsi:noNamespaceSchemaLocation="https://maven.apache.org/surefire/maven-surefire-plugin/xsd/surefire-test-report.xsd" name="dev.tehcn.AppTest" time="0.005" tests="0" errors="0" skipped="0" failures="0">
  <properties>
    <property name="java.specification.version" value="17"/>
    <property name="sun.cpu.isalist" value="amd64"/>
    <property name="sun.jnu.encoding" value="Cp1252"/>
    <property name="java.class.path" value="d:\MinecraftProjects\NoChatReport\nochatreport\target\test-classes;d:\MinecraftProjects\NoChatReport\nochatreport\target\classes;C:\Users\noah\.m2\repository\org\spigotmc\spigot-api\1.19-R0.1-SNAPSHOT\spigot-api-1.19-R0.1-SNAPSHOT.jar;C:\Users\noah\.m2\repository\com\google\guava\guava\31.0.1-jre\guava-31.0.1-jre.jar;C:\Users\noah\.m2\repository\com\google\guava\failureaccess\1.0.1\failureaccess-1.0.1.jar;C:\Users\noah\.m2\repository\com\google\guava\listenablefuture\9999.0-empty-to-avoid-conflict-with-guava\listenablefuture-9999.0-empty-to-avoid-conflict-with-guava.jar;C:\Users\noah\.m2\repository\com\google\code\findbugs\jsr305\3.0.2\jsr305-3.0.2.jar;C:\Users\noah\.m2\repository\org\checkerframework\checker-qual\3.12.0\checker-qual-3.12.0.jar;C:\Users\noah\.m2\repository\com\google\errorprone\error_prone_annotations\2.7.1\error_prone_annotations-2.7.1.jar;C:\Users\noah\.m2\repository\com\google\j2objc\j2objc-annotations\1.3\j2objc-annotations-1.3.jar;C:\Users\noah\.m2\repository\com\google\code\gson\gson\2.8.9\gson-2.8.9.jar;C:\Users\noah\.m2\repository\net\md-5\bungeecord-chat\1.16-R0.4\bungeecord-chat-1.16-R0.4.jar;C:\Users\noah\.m2\repository\org\yaml\snakeyaml\1.30\snakeyaml-1.30.jar;C:\Users\noah\.m2\repository\com\comphenix\protocol\ProtocolLib\4.7.0\ProtocolLib-4.7.0.jar;C:\Users\noah\.m2\repository\net\bytebuddy\byte-buddy\1.11.0\byte-buddy-1.11.0.jar;"/>
    <property name="java.vm.vendor" value="Oracle Corporation"/>
    <property name="sun.arch.data.model" value="64"/>
    <property name="user.variant" value=""/>
    <property name="java.vendor.url" value="https://java.oracle.com/"/>
    <property name="user.timezone" value="America/Chicago"/>
    <property name="os.name" value="Windows 10"/>
    <property name="java.vm.specification.version" value="17"/>
    <property name="sun.java.launcher" value="SUN_STANDARD"/>
    <property name="user.country" value="US"/>
    <property name="sun.boot.library.path" value="D:\JavaInstalls\jdk-17.0.3.1\bin"/>
    <property name="sun.java.command" value="C:\Users\noah\AppData\Local\Temp\surefire9157490148567308049\surefirebooter8914826478954613468.jar C:\Users\noah\AppData\Local\Temp\surefire9157490148567308049 2022-06-26T09-27-36_439-jvmRun1 surefire6962228065035827469tmp surefire_017931362819195637877tmp"/>
    <property name="jdk.debug" value="release"/>
    <property name="surefire.test.class.path" value="d:\MinecraftProjects\NoChatReport\nochatreport\target\test-classes;d:\MinecraftProjects\NoChatReport\nochatreport\target\classes;C:\Users\noah\.m2\repository\org\spigotmc\spigot-api\1.19-R0.1-SNAPSHOT\spigot-api-1.19-R0.1-SNAPSHOT.jar;C:\Users\noah\.m2\repository\com\google\guava\guava\31.0.1-jre\guava-31.0.1-jre.jar;C:\Users\noah\.m2\repository\com\google\guava\failureaccess\1.0.1\failureaccess-1.0.1.jar;C:\Users\noah\.m2\repository\com\google\guava\listenablefuture\9999.0-empty-to-avoid-conflict-with-guava\listenablefuture-9999.0-empty-to-avoid-conflict-with-guava.jar;C:\Users\noah\.m2\repository\com\google\code\findbugs\jsr305\3.0.2\jsr305-3.0.2.jar;C:\Users\noah\.m2\repository\org\checkerframework\checker-qual\3.12.0\checker-qual-3.12.0.jar;C:\Users\noah\.m2\repository\com\google\errorprone\error_prone_annotations\2.7.1\error_prone_annotations-2.7.1.jar;C:\Users\noah\.m2\repository\com\google\j2objc\j2objc-annotations\1.3\j2objc-annotations-1.3.jar;C:\Users\noah\.m2\repository\com\google\code\gson\gson\2.8.9\gson-2.8.9.jar;C:\Users\noah\.m2\repository\net\md-5\bungeecord-chat\1.16-R0.4\bungeecord-chat-1.16-R0.4.jar;C:\Users\noah\.m2\repository\org\yaml\snakeyaml\1.30\snakeyaml-1.30.jar;C:\Users\noah\.m2\repository\com\comphenix\protocol\ProtocolLib\4.7.0\ProtocolLib-4.7.0.jar;C:\Users\noah\.m2\repository\net\bytebuddy\byte-buddy\1.11.0\byte-buddy-1.11.0.jar;"/>
    <property name="sun.cpu.endian" value="little"/>
    <property name="user.home" value="C:\Users\noah"/>
    <property name="user.language" value="en"/>
    <property name="java.specification.vendor" value="Oracle Corporation"/>
    <property name="java.version.date" value="2022-04-22"/>
    <property name="java.home" value="D:\JavaInstalls\jdk-17.0.3.1"/>
    <property name="file.separator" value="\"/>
    <property name="basedir" value="d:\MinecraftProjects\NoChatReport\nochatreport"/>
    <property name="java.vm.compressedOopsMode" value="Zero based"/>
    <property name="line.separator" value="&#10;"/>
    <property name="java.vm.specification.vendor" value="Oracle Corporation"/>
    <property name="java.specification.name" value="Java Platform API Specification"/>
    <property name="surefire.real.class.path" value="C:\Users\noah\AppData\Local\Temp\surefire9157490148567308049\surefirebooter8914826478954613468.jar"/>
    <property name="user.script" value=""/>
    <property name="sun.management.compiler" value="HotSpot 64-Bit Tiered Compilers"/>
    <property name="java.runtime.version" value="17.0.3.1+2-LTS-6"/>
    <property name="user.name" value="noah"/>
    <property name="path.separator" value=";"/>
    <property name="os.version" value="10.0"/>
    <property name="java.runtime.name" value="Java(TM) SE Runtime Environment"/>
    <property name="file.encoding" value="Cp1252"/>
    <property name="java.vm.name" value="Java HotSpot(TM) 64-Bit Server VM"/>
    <property name="localRepository" value="C:\Users\noah\.m2\repository"/>
    <property name="java.vendor.url.bug" value="https://bugreport.java.com/bugreport/"/>
    <property name="java.io.tmpdir" value="C:\Users\noah\AppData\Local\Temp\"/>
    <property name="java.version" value="17.0.3.1"/>
    <property name="user.dir" value="d:\MinecraftProjects\NoChatReport\nochatreport"/>
    <property name="os.arch" value="amd64"/>
    <property name="java.vm.specification.name" value="Java Virtual Machine Specification"/>
    <property name="sun.os.patch.level" value=""/>
    <property name="native.encoding" value="Cp1252"/>
    <property name="java.library.path" value="D:\JavaInstalls\jdk-17.0.3.1\bin;C:\WINDOWS\Sun\Java\bin;C:\WINDOWS\system32;C:\WINDOWS;D:\Program Files\Git\mingw64\bin;D:\Program Files\Git\usr\bin;C:\Users\noah\bin;D:\Oculus\Support\oculus-runtime;D:\JavaInstalls\jdk-17.0.3.1\bin;D:\CUDA\dev\bin;D:\CUDA\dev\libnvvp;C:\Program Files\Microsoft MPI\Bin;C:\WINDOWS\system32;C:\WINDOWS;C:\WINDOWS\System32\Wbem;C:\WINDOWS\System32\WindowsPowerShell\v1.0;C:\WINDOWS\System32\OpenSSH;C:\Program Files\Microsoft SQL Server\150\Tools\Binn;C:\Program Files\Microsoft SQL Server\Client SDK\ODBC\170\Tools\Binn;D:\Program Files\nodejs;C:\Users\noah\.cargo\bin;C:\ProgramData\chocolatey\bin;C:\Users\noah\AppData\Roaming\Python\Scripts;C:\Users\noah\.deno\bin;D:\cmds;C:\Program Files (x86)\Microsoft SQL Server\150\Tools\Binn;C:\Program Files (x86)\Microsoft SQL Server\150\DTS\Binn;C:\Program Files\Microsoft SQL Server\150\DTS\Binn;C:\Program Files\Azure Data Studio\bin;C:\Program Files\NVIDIA Corporation\Nsight Compute 2022.1.1;C:\Program Files (x86)\NVIDIA Corporation\PhysX\Common;C:\Program Files\NVIDIA Corporation\NVIDIA NvDLISR;D:\Program Files\R\R-4.1.2\bin;D:\Program Files\LLVM\bin;C:\Program Files\dotnet;D:\Program Files\Git\cmd;D:\Program Files (x86)\Certbot\bin;C:\Program Files (x86)\ZSharp;C:\Program Files (x86)\dotnet;C:\Program Files (x86)\Windows Kits\10\Windows Performance Toolkit;D:\Program Files\CMake\bin;D:\MinGW\bin;D:\Program Files\apache-maven-3.8.6\bin;C:\Users\noah\.poetry\bin;C:\Users\noah\.cargo\bin;C:\Users\noah\AppData\Local\Programs\Python\Python310\Scripts;C:\Users\noah\AppData\Local\Programs\Python\Python310;C:\Users\noah\AppData\Local\Microsoft\WindowsApps;C:\Users\noah\.deno\bin;D:\Users\noah\AppData\Local\Programs\Microsoft VS Code\bin;C:\Users\noah\AppData\Roaming\npm;C:\Program Files\Azure Data Studio\bin;C:\Users\noah\.dotnet\tools;."/>
    <property name="java.vm.info" value="mixed mode, sharing"/>
    <property name="java.vendor" value="Oracle Corporation"/>
    <property name="java.vm.version" value="17.0.3.1+2-LTS-6"/>
    <property name="sun.io.unicode.encoding" value="UnicodeLittle"/>
    <property name="java.class.version" value="61.0"/>
  </properties>
</testsuite>